#
# There is insufficient memory for the Java Runtime Environment to continue.
# Native memory allocation (mmap) failed to map 48234496 bytes for Failed to commit area from 0x00000000ae400000 to 0x00000000b1200000 of length 48234496.
# Possible reasons:
#   The system is out of physical RAM or swap space
#   The process is running with CompressedOops enabled, and the Java Heap may be blocking the growth of the native heap
# Possible solutions:
#   Reduce memory load on the system
#   Increase physical memory or swap space
#   Check if swap backing store is full
#   Decrease Java heap size (-Xmx/-Xms)
#   Decrease number of Java threads
#   Decrease Java thread stack sizes (-Xss)
#   Set larger code cache with -XX:ReservedCodeCacheSize=
#   JVM is running with Unscaled Compressed Oops mode in which the Java heap is
#     placed in the first 4GB address space. The Java Heap base address is the
#     maximum limit for the native heap growth. Please use -XX:HeapBaseMinAddress
#     to set the Java Heap base and to place the Java Heap above 4GB virtual address.
# This output file may be truncated or incomplete.
#
#  Out of Memory Error (src/hotspot/os/windows/os_windows.cpp:3627), pid=1832, tid=14936
#
# JRE version: OpenJDK Runtime Environment (11.0.15) (build 11.0.15+0-b2043.56-9505619)
# Java VM: OpenJDK 64-Bit Server VM (11.0.15+0-b2043.56-9505619, mixed mode, tiered, compressed oops, g1 gc, windows-amd64)
# No core dump will be written. Minidumps are not enabled by default on client versions of Windows
#

---------------  S U M M A R Y ------------

Command Line: --add-opens=java.base/java.util=ALL-UNNAMED --add-opens=java.base/java.lang=ALL-UNNAMED --add-opens=java.base/java.lang.invoke=ALL-UNNAMED --add-opens=java.prefs/java.util.prefs=ALL-UNNAMED -Xmx1536m -Dfile.encoding=windows-1252 -Duser.country=ID -Duser.language=en -Duser.variant org.gradle.launcher.daemon.bootstrap.GradleDaemon 6.7.1

Host: Intel(R) Core(TM) i3-10110U CPU @ 2.10GHz, 4 cores, 11G,  Windows 11 , 64 bit Build 23536 (10.0.23536.1000)
Time: Sat Sep  2 12:11:55 2023 Malay Peninsula Standard Time elapsed time: 17.752407 seconds (0d 0h 0m 17s)

---------------  T H R E A D  ---------------

Current thread (0x000001c9e5eb9000):  VMThread "VM Thread" [stack: 0x0000008a9a300000,0x0000008a9a400000] [id=14936]

Stack: [0x0000008a9a300000,0x0000008a9a400000]
[error occurred during error reporting (printing stack bounds), id 0xc0000005, EXCEPTION_ACCESS_VIOLATION (0xc0000005) at pc=0x000001c9d10b112d]

Native frames: (J=compiled Java code, j=interpreted, Vv=VM code, C=native code)
V  [jvm.dll+0x64135a]
V  [jvm.dll+0x7d39f9]
V  [jvm.dll+0x7d51b9]
V  [jvm.dll+0x7d5805]
V  [jvm.dll+0x7d57bb]
V  [jvm.dll+0x640655]
V  [jvm.dll+0x640d68]
C  [ntdll.dll+0xa426f]
C  [ntdll.dll+0x1e456]
C  [ntdll.dll+0xa325e]
C  0x000001c9d10b112d

VM_Operation (0x0000008a9b9fa5b0): G1CollectForAllocation, mode: safepoint, requested by thread 0x000001c9e9007800


---------------  P R O C E S S  ---------------

Threads class SMR info:
_java_thread_list=0x000001c9e89fc480, length=51, elements={
0x000001c9cd58c800, 0x000001c9e5ebc800, 0x000001c9e5ee4000, 0x000001c9e674a800,
0x000001c9e674b800, 0x000001c9e674f000, 0x000001c9e6750800, 0x000001c9e6756800,
0x000001c9e675b800, 0x000001c9e68b7800, 0x000001c9e779b800, 0x000001c9e6a79000,
0x000001c9e88a2000, 0x000001c9e7fe6000, 0x000001c9e8976800, 0x000001c9e8959800,
0x000001c9e9007800, 0x000001c9e8fe8800, 0x000001c9e8ed8800, 0x000001c9e8ed9800,
0x000001c9e83a5800, 0x000001c9e83a4800, 0x000001c9e83a3000, 0x000001c9e839f800,
0x000001c9e83a4000, 0x000001c9e83a2000, 0x000001c9e83a6000, 0x000001c9e83a0800,
0x000001c9e83a1800, 0x000001c9ea421000, 0x000001c9ea420800, 0x000001c9ea426000,
0x000001c9ea427000, 0x000001c9ea422000, 0x000001c9ea427800, 0x000001c9ea428800,
0x000001c9ea423800, 0x000001c9ea425000, 0x000001c9ea422800, 0x000001c9ea429800,
0x000001c9ea42a000, 0x000001c9ea424800, 0x000001c9ea42b000, 0x000001c9ea42e000,
0x000001c9ea42f000, 0x000001c9ea42b800, 0x000001c9ea42d800, 0x000001c9ea42c800,
0x000001c9e9483800, 0x000001c9e9482800, 0x000001c9edf57800
}

Java Threads: ( => current thread )
  0x000001c9cd58c800 JavaThread "main" [_thread_blocked, id=14044, stack(0x0000008a99d00000,0x0000008a99e00000)]
  0x000001c9e5ebc800 JavaThread "Reference Handler" daemon [_thread_blocked, id=6444, stack(0x0000008a9a400000,0x0000008a9a500000)]
  0x000001c9e5ee4000 JavaThread "Finalizer" daemon [_thread_blocked, id=6488, stack(0x0000008a9a500000,0x0000008a9a600000)]
  0x000001c9e674a800 JavaThread "Signal Dispatcher" daemon [_thread_blocked, id=9536, stack(0x0000008a9a600000,0x0000008a9a700000)]
  0x000001c9e674b800 JavaThread "Attach Listener" daemon [_thread_blocked, id=15948, stack(0x0000008a9a700000,0x0000008a9a800000)]
  0x000001c9e674f000 JavaThread "Service Thread" daemon [_thread_blocked, id=16348, stack(0x0000008a9a800000,0x0000008a9a900000)]
  0x000001c9e6750800 JavaThread "C2 CompilerThread0" daemon [_thread_blocked, id=268, stack(0x0000008a9a900000,0x0000008a9aa00000)]
  0x000001c9e6756800 JavaThread "C1 CompilerThread0" daemon [_thread_blocked, id=5536, stack(0x0000008a9aa00000,0x0000008a9ab00000)]
  0x000001c9e675b800 JavaThread "Sweeper thread" daemon [_thread_blocked, id=6888, stack(0x0000008a9ab00000,0x0000008a9ac00000)]
  0x000001c9e68b7800 JavaThread "Common-Cleaner" daemon [_thread_blocked, id=5152, stack(0x0000008a9ac00000,0x0000008a9ad00000)]
  0x000001c9e779b800 JavaThread "Daemon health stats" [_thread_blocked, id=5352, stack(0x0000008a9b200000,0x0000008a9b300000)]
  0x000001c9e6a79000 JavaThread "Incoming local TCP Connector on port 53124" [_thread_in_native, id=9740, stack(0x0000008a9b400000,0x0000008a9b500000)]
  0x000001c9e88a2000 JavaThread "Daemon periodic checks" [_thread_blocked, id=13120, stack(0x0000008a9b500000,0x0000008a9b600000)]
  0x000001c9e7fe6000 JavaThread "Daemon" [_thread_blocked, id=12788, stack(0x0000008a9b600000,0x0000008a9b700000)]
  0x000001c9e8976800 JavaThread "Handler for socket connection from /127.0.0.1:53124 to /127.0.0.1:53125" [_thread_in_native, id=7196, stack(0x0000008a9b700000,0x0000008a9b800000)]
  0x000001c9e8959800 JavaThread "Cancel handler" [_thread_blocked, id=12492, stack(0x0000008a9b800000,0x0000008a9b900000)]
  0x000001c9e9007800 JavaThread "Daemon worker" [_thread_blocked, id=6716, stack(0x0000008a9b900000,0x0000008a9ba00000)]
  0x000001c9e8fe8800 JavaThread "Asynchronous log dispatcher for DefaultDaemonConnection: socket connection from /127.0.0.1:53124 to /127.0.0.1:53125" [_thread_blocked, id=3872, stack(0x0000008a9ba00000,0x0000008a9bb00000)]
  0x000001c9e8ed8800 JavaThread "Stdin handler" [_thread_blocked, id=15312, stack(0x0000008a9bb00000,0x0000008a9bc00000)]
  0x000001c9e8ed9800 JavaThread "Thread-8" [_thread_blocked, id=2232, stack(0x0000008a9bc00000,0x0000008a9bd00000)]
  0x000001c9e83a5800 JavaThread "Cache worker for file hash cache (C:\Users\ISLAHUL ANWAR\.gradle\caches\6.7.1\fileHashes)" [_thread_blocked, id=15600, stack(0x0000008a9bd00000,0x0000008a9be00000)]
  0x000001c9e83a4800 JavaThread "File lock request listener" [_thread_in_native, id=2636, stack(0x0000008a9be00000,0x0000008a9bf00000)]
  0x000001c9e83a3000 JavaThread "Cache worker for journal cache (C:\Users\ISLAHUL ANWAR\.gradle\caches\journal-1)" [_thread_blocked, id=2364, stack(0x0000008a9bf00000,0x0000008a9c000000)]
  0x000001c9e839f800 JavaThread "Cache worker for file hash cache (D:\Kuliah\Skripskuy\Project\Clasification Plant Disease\Plant-disease-master\Aplikasi Android\Android Studio\MobileNet\.gradle\6.7.1\fileHashes)" [_thread_blocked, id=12284, stack(0x0000008a9c100000,0x0000008a9c200000)]
  0x000001c9e83a4000 JavaThread "jar transforms" [_thread_blocked, id=1840, stack(0x0000008a9c200000,0x0000008a9c300000)]
  0x000001c9e83a2000 JavaThread "jar transforms Thread 2" [_thread_blocked, id=11072, stack(0x0000008a9c000000,0x0000008a9c100000)]
  0x000001c9e83a6000 JavaThread "jar transforms Thread 3" [_thread_blocked, id=16040, stack(0x0000008a9c300000,0x0000008a9c400000)]
  0x000001c9e83a0800 JavaThread "jar transforms Thread 4" [_thread_blocked, id=12544, stack(0x0000008a9c400000,0x0000008a9c500000)]
  0x000001c9e83a1800 JavaThread "jar transforms Thread 5" [_thread_blocked, id=11512, stack(0x0000008a9c500000,0x0000008a9c600000)]
  0x000001c9ea421000 JavaThread "jar transforms Thread 6" [_thread_blocked, id=11996, stack(0x0000008a9c600000,0x0000008a9c700000)]
  0x000001c9ea420800 JavaThread "jar transforms Thread 7" [_thread_blocked, id=3840, stack(0x0000008a9c700000,0x0000008a9c800000)]
  0x000001c9ea426000 JavaThread "jar transforms Thread 8" [_thread_blocked, id=5892, stack(0x0000008a9c800000,0x0000008a9c900000)]
  0x000001c9ea427000 JavaThread "jar transforms Thread 9" [_thread_blocked, id=1228, stack(0x0000008a9c900000,0x0000008a9ca00000)]
  0x000001c9ea422000 JavaThread "jar transforms Thread 10" [_thread_blocked, id=4296, stack(0x0000008a9ca00000,0x0000008a9cb00000)]
  0x000001c9ea427800 JavaThread "jar transforms Thread 11" [_thread_blocked, id=14484, stack(0x0000008a9cb00000,0x0000008a9cc00000)]
  0x000001c9ea428800 JavaThread "jar transforms Thread 12" [_thread_blocked, id=15544, stack(0x0000008a9cc00000,0x0000008a9cd00000)]
  0x000001c9ea423800 JavaThread "jar transforms Thread 13" [_thread_blocked, id=9020, stack(0x0000008a9cd00000,0x0000008a9ce00000)]
  0x000001c9ea425000 JavaThread "jar transforms Thread 14" [_thread_blocked, id=9488, stack(0x0000008a9ce00000,0x0000008a9cf00000)]
  0x000001c9ea422800 JavaThread "jar transforms Thread 15" [_thread_blocked, id=8200, stack(0x0000008a9cf00000,0x0000008a9d000000)]
  0x000001c9ea429800 JavaThread "jar transforms Thread 16" [_thread_blocked, id=7200, stack(0x0000008a9d000000,0x0000008a9d100000)]
  0x000001c9ea42a000 JavaThread "jar transforms Thread 17" [_thread_blocked, id=15140, stack(0x0000008a9d100000,0x0000008a9d200000)]
  0x000001c9ea424800 JavaThread "jar transforms Thread 18" [_thread_blocked, id=10524, stack(0x0000008a9d200000,0x0000008a9d300000)]
  0x000001c9ea42b000 JavaThread "jar transforms Thread 19" [_thread_blocked, id=14956, stack(0x0000008a9d300000,0x0000008a9d400000)]
  0x000001c9ea42e000 JavaThread "jar transforms Thread 20" [_thread_blocked, id=5028, stack(0x0000008a9d400000,0x0000008a9d500000)]
  0x000001c9ea42f000 JavaThread "jar transforms Thread 21" [_thread_blocked, id=3112, stack(0x0000008a9d500000,0x0000008a9d600000)]
  0x000001c9ea42b800 JavaThread "Cache worker for checksums cache (D:\Kuliah\Skripskuy\Project\Clasification Plant Disease\Plant-disease-master\Aplikasi Android\Android Studio\MobileNet\.gradle\checksums)" [_thread_blocked, id=9696, stack(0x0000008a9d700000,0x0000008a9d800000)]
  0x000001c9ea42d800 JavaThread "Cache worker for cache directory md-supplier (C:\Users\ISLAHUL ANWAR\.gradle\caches\6.7.1\md-supplier)" [_thread_blocked, id=9676, stack(0x0000008a9d600000,0x0000008a9d700000)]
  0x000001c9ea42c800 JavaThread "Cache worker for cache directory md-rule (C:\Users\ISLAHUL ANWAR\.gradle\caches\6.7.1\md-rule)" [_thread_blocked, id=8240, stack(0x0000008a9d900000,0x0000008a9da00000)]
  0x000001c9e9483800 JavaThread "Cache worker for execution history cache (C:\Users\ISLAHUL ANWAR\.gradle\caches\6.7.1\executionHistory)" [_thread_blocked, id=12516, stack(0x0000008a9da00000,0x0000008a9db00000)]
  0x000001c9e9482800 JavaThread "Cache worker for file content cache (C:\Users\ISLAHUL ANWAR\.gradle\caches\6.7.1\fileContent)" [_thread_blocked, id=6720, stack(0x0000008a9db00000,0x0000008a9dc00000)]
  0x000001c9edf57800 JavaThread "C2 CompilerThread1" daemon [_thread_blocked, id=9644, stack(0x0000008a9d800000,0x0000008a9d900000)]

Other Threads:
=>0x000001c9e5eb9000 VMThread "VM Thread" [stack: 0x0000008a9a300000,0x0000008a9a400000] [id=14936]
  0x000001c9e68e7000 WatcherThread [stack: 0x0000008a9ad00000,0x0000008a9ae00000] [id=7504]
  0x000001c9cd5a6800 GCTaskThread "GC Thread#0" [stack: 0x0000008a99e00000,0x0000008a99f00000] [id=16284]
  0x000001c9e73e0800 GCTaskThread "GC Thread#1" [stack: 0x0000008a9af00000,0x0000008a9b000000] [id=11560]
  0x000001c9e73f0800 GCTaskThread "GC Thread#2" [stack: 0x0000008a9b000000,0x0000008a9b100000] [id=10392]
  0x000001c9e6c6f800 GCTaskThread "GC Thread#3" [stack: 0x0000008a9b100000,0x0000008a9b200000] [id=6408]
  0x000001c9cd5cd000 ConcurrentGCThread "G1 Main Marker" [stack: 0x0000008a99f00000,0x0000008a9a000000] [id=7480]
  0x000001c9cd5cf800 ConcurrentGCThread "G1 Conc#0" [stack: 0x0000008a9a000000,0x0000008a9a100000] [id=6568]
  0x000001c9e5d24800 ConcurrentGCThread "G1 Refine#0" [stack: 0x0000008a9a100000,0x0000008a9a200000] [id=14736]
  0x000001c9e5d25000 ConcurrentGCThread "G1 Young RemSet Sampling" [stack: 0x0000008a9a200000,0x0000008a9a300000] [id=11360]

Threads with active compile tasks:

VM state:at safepoint (normal execution)

VM Mutex/Monitor currently owned by a thread:  ([mutex/lock_event])
[0x000001c9cd589630] Threads_lock - owner thread: 0x000001c9e5eb9000
[0x000001c9cd58aef0] Heap_lock - owner thread: 0x000001c9e9007800

Heap address: 0x00000000a0000000, size: 1536 MB, Compressed Oops mode: 32-bit
Narrow klass base: 0x0000000000000000, Narrow klass shift: 3
Compressed class space size: 1073741824 Address: 0x0000000100000000

Heap:
 garbage-first heap   total 280576K, used 107746K [0x00000000a0000000, 0x0000000100000000)
  region size 1024K, 9 young (9216K), 9 survivors (9216K)
 Metaspace       used 43810K, capacity 44771K, committed 45008K, reserved 1089536K
  class space    used 5398K, capacity 5747K, committed 5840K, reserved 1048576K
Heap Regions: E=young(eden), S=young(survivor), O=old, HS=humongous(starts), HC=humongous(continues), CS=collection set, F=free, A=archive, TAMS=top-at-mark-start (previous, next)
|   0|0x00000000a0000000, 0x00000000a0100000, 0x00000000a0100000|100%| O|  |TAMS 0x00000000a0100000, 0x00000000a0000000| Untracked 
|   1|0x00000000a0100000, 0x00000000a0200000, 0x00000000a0200000|100%| O|  |TAMS 0x00000000a0200000, 0x00000000a0100000| Untracked 
|   2|0x00000000a0200000, 0x00000000a0300000, 0x00000000a0300000|100%| O|  |TAMS 0x00000000a0300000, 0x00000000a0200000| Untracked 
|   3|0x00000000a0300000, 0x00000000a0400000, 0x00000000a0400000|100%|HS|  |TAMS 0x00000000a0400000, 0x00000000a0300000| Complete 
|   4|0x00000000a0400000, 0x00000000a0500000, 0x00000000a0500000|100%|HC|  |TAMS 0x00000000a0500000, 0x00000000a0400000| Complete 
|   5|0x00000000a0500000, 0x00000000a0600000, 0x00000000a0600000|100%|HC|  |TAMS 0x00000000a0600000, 0x00000000a0500000| Complete 
|   6|0x00000000a0600000, 0x00000000a0700000, 0x00000000a0700000|100%| O|  |TAMS 0x00000000a0700000, 0x00000000a0600000| Untracked 
|   7|0x00000000a0700000, 0x00000000a0800000, 0x00000000a0800000|100%| O|  |TAMS 0x00000000a0800000, 0x00000000a0700000| Untracked 
|   8|0x00000000a0800000, 0x00000000a0900000, 0x00000000a0900000|100%| O|  |TAMS 0x00000000a0900000, 0x00000000a0800000| Untracked 
|   9|0x00000000a0900000, 0x00000000a0a00000, 0x00000000a0a00000|100%| O|  |TAMS 0x00000000a0a00000, 0x00000000a0900000| Untracked 
|  10|0x00000000a0a00000, 0x00000000a0b00000, 0x00000000a0b00000|100%| O|  |TAMS 0x00000000a0b00000, 0x00000000a0a00000| Untracked 
|  11|0x00000000a0b00000, 0x00000000a0c00000, 0x00000000a0c00000|100%| O|  |TAMS 0x00000000a0c00000, 0x00000000a0b00000| Untracked 
|  12|0x00000000a0c00000, 0x00000000a0d00000, 0x00000000a0d00000|100%| O|  |TAMS 0x00000000a0d00000, 0x00000000a0c00000| Untracked 
|  13|0x00000000a0d00000, 0x00000000a0e00000, 0x00000000a0e00000|100%|HS|  |TAMS 0x00000000a0e00000, 0x00000000a0d00000| Complete 
|  14|0x00000000a0e00000, 0x00000000a0f00000, 0x00000000a0f00000|100%|HC|  |TAMS 0x00000000a0f00000, 0x00000000a0e00000| Complete 
|  15|0x00000000a0f00000, 0x00000000a1000000, 0x00000000a1000000|100%|HS|  |TAMS 0x00000000a1000000, 0x00000000a0f00000| Complete 
|  16|0x00000000a1000000, 0x00000000a1100000, 0x00000000a1100000|100%|HC|  |TAMS 0x00000000a1100000, 0x00000000a1000000| Complete 
|  17|0x00000000a1100000, 0x00000000a1200000, 0x00000000a1200000|100%|HC|  |TAMS 0x00000000a1200000, 0x00000000a1100000| Complete 
|  18|0x00000000a1200000, 0x00000000a1300000, 0x00000000a1300000|100%|HS|  |TAMS 0x00000000a1300000, 0x00000000a1200000| Complete 
|  19|0x00000000a1300000, 0x00000000a1400000, 0x00000000a1400000|100%|HC|  |TAMS 0x00000000a1400000, 0x00000000a1300000| Complete 
|  20|0x00000000a1400000, 0x00000000a1500000, 0x00000000a1500000|100%|HC|  |TAMS 0x00000000a1500000, 0x00000000a1400000| Complete 
|  21|0x00000000a1500000, 0x00000000a1600000, 0x00000000a1600000|100%|HS|  |TAMS 0x00000000a1600000, 0x00000000a1500000| Complete 
|  22|0x00000000a1600000, 0x00000000a1700000, 0x00000000a1700000|100%|HC|  |TAMS 0x00000000a1700000, 0x00000000a1600000| Complete 
|  23|0x00000000a1700000, 0x00000000a1800000, 0x00000000a1800000|100%|HS|  |TAMS 0x00000000a1800000, 0x00000000a1700000| Complete 
|  24|0x00000000a1800000, 0x00000000a1900000, 0x00000000a1900000|100%|HC|  |TAMS 0x00000000a1900000, 0x00000000a1800000| Complete 
|  25|0x00000000a1900000, 0x00000000a1a00000, 0x00000000a1a00000|100%|HC|  |TAMS 0x00000000a1a00000, 0x00000000a1900000| Complete 
|  26|0x00000000a1a00000, 0x00000000a1b00000, 0x00000000a1b00000|100%|HC|  |TAMS 0x00000000a1b00000, 0x00000000a1a00000| Complete 
|  27|0x00000000a1b00000, 0x00000000a1c00000, 0x00000000a1c00000|100%|HC|  |TAMS 0x00000000a1c00000, 0x00000000a1b00000| Complete 
|  28|0x00000000a1c00000, 0x00000000a1d00000, 0x00000000a1d00000|100%|HC|  |TAMS 0x00000000a1d00000, 0x00000000a1c00000| Complete 
|  29|0x00000000a1d00000, 0x00000000a1e00000, 0x00000000a1e00000|100%|HC|  |TAMS 0x00000000a1e00000, 0x00000000a1d00000| Complete 
|  30|0x00000000a1e00000, 0x00000000a1f00000, 0x00000000a1f00000|100%|HC|  |TAMS 0x00000000a1f00000, 0x00000000a1e00000| Complete 
|  31|0x00000000a1f00000, 0x00000000a2000000, 0x00000000a2000000|100%|HC|  |TAMS 0x00000000a2000000, 0x00000000a1f00000| Complete 
|  32|0x00000000a2000000, 0x00000000a2100000, 0x00000000a2100000|100%|HC|  |TAMS 0x00000000a2100000, 0x00000000a2000000| Complete 
|  33|0x00000000a2100000, 0x00000000a2200000, 0x00000000a2200000|100%|HS|  |TAMS 0x00000000a2200000, 0x00000000a2100000| Complete 
|  34|0x00000000a2200000, 0x00000000a2300000, 0x00000000a2300000|100%|HC|  |TAMS 0x00000000a2300000, 0x00000000a2200000| Complete 
|  35|0x00000000a2300000, 0x00000000a2400000, 0x00000000a2400000|100%|HS|  |TAMS 0x00000000a2400000, 0x00000000a2300000| Complete 
|  36|0x00000000a2400000, 0x00000000a2500000, 0x00000000a2500000|100%|HC|  |TAMS 0x00000000a2500000, 0x00000000a2400000| Complete 
|  37|0x00000000a2500000, 0x00000000a2600000, 0x00000000a2600000|100%|HC|  |TAMS 0x00000000a2600000, 0x00000000a2500000| Complete 
|  38|0x00000000a2600000, 0x00000000a2700000, 0x00000000a2700000|100%|HC|  |TAMS 0x00000000a2700000, 0x00000000a2600000| Complete 
|  39|0x00000000a2700000, 0x00000000a2800000, 0x00000000a2800000|100%|HC|  |TAMS 0x00000000a2800000, 0x00000000a2700000| Complete 
|  40|0x00000000a2800000, 0x00000000a2900000, 0x00000000a2900000|100%| O|  |TAMS 0x00000000a2900000, 0x00000000a2800000| Untracked 
|  41|0x00000000a2900000, 0x00000000a2a00000, 0x00000000a2a00000|100%| O|  |TAMS 0x00000000a2a00000, 0x00000000a2900000| Untracked 
|  42|0x00000000a2a00000, 0x00000000a2b00000, 0x00000000a2b00000|100%| O|  |TAMS 0x00000000a2aade00, 0x00000000a2a00000| Untracked 
|  43|0x00000000a2b00000, 0x00000000a2c00000, 0x00000000a2c00000|100%| O|  |TAMS 0x00000000a2b00000, 0x00000000a2b00000| Untracked 
|  44|0x00000000a2c00000, 0x00000000a2d00000, 0x00000000a2d00000|100%| O|  |TAMS 0x00000000a2c00000, 0x00000000a2c00000| Untracked 
|  45|0x00000000a2d00000, 0x00000000a2e00000, 0x00000000a2e00000|100%| O|  |TAMS 0x00000000a2d00000, 0x00000000a2d00000| Untracked 
|  46|0x00000000a2e00000, 0x00000000a2f00000, 0x00000000a2f00000|100%|HS|  |TAMS 0x00000000a2e00000, 0x00000000a2e00000| Complete 
|  47|0x00000000a2f00000, 0x00000000a3000000, 0x00000000a3000000|100%|HC|  |TAMS 0x00000000a2f00000, 0x00000000a2f00000| Complete 
|  48|0x00000000a3000000, 0x00000000a3100000, 0x00000000a3100000|100%|HC|  |TAMS 0x00000000a3000000, 0x00000000a3000000| Complete 
|  49|0x00000000a3100000, 0x00000000a3200000, 0x00000000a3200000|100%|HC|  |TAMS 0x00000000a3100000, 0x00000000a3100000| Complete 
|  50|0x00000000a3200000, 0x00000000a3300000, 0x00000000a3300000|100%|HC|  |TAMS 0x00000000a3200000, 0x00000000a3200000| Complete 
|  51|0x00000000a3300000, 0x00000000a3400000, 0x00000000a3400000|100%| O|  |TAMS 0x00000000a3300000, 0x00000000a3300000| Untracked 
|  52|0x00000000a3400000, 0x00000000a3500000, 0x00000000a3500000|100%| O|  |TAMS 0x00000000a3400000, 0x00000000a3400000| Untracked 
|  53|0x00000000a3500000, 0x00000000a3600000, 0x00000000a3600000|100%| O|  |TAMS 0x00000000a3500000, 0x00000000a3500000| Untracked 
|  54|0x00000000a3600000, 0x00000000a3700000, 0x00000000a3700000|100%| O|  |TAMS 0x00000000a3600000, 0x00000000a3600000| Untracked 
|  55|0x00000000a3700000, 0x00000000a3800000, 0x00000000a3800000|100%| O|  |TAMS 0x00000000a3700000, 0x00000000a3700000| Untracked 
|  56|0x00000000a3800000, 0x00000000a3900000, 0x00000000a3900000|100%| O|  |TAMS 0x00000000a3800000, 0x00000000a3800000| Untracked 
|  57|0x00000000a3900000, 0x00000000a3a00000, 0x00000000a3a00000|100%| O|  |TAMS 0x00000000a3900000, 0x00000000a3900000| Untracked 
|  58|0x00000000a3a00000, 0x00000000a3b00000, 0x00000000a3b00000|100%| O|  |TAMS 0x00000000a3a00000, 0x00000000a3a00000| Untracked 
|  59|0x00000000a3b00000, 0x00000000a3c00000, 0x00000000a3c00000|100%| O|  |TAMS 0x00000000a3b00000, 0x00000000a3b00000| Untracked 
|  60|0x00000000a3c00000, 0x00000000a3d00000, 0x00000000a3d00000|100%| O|  |TAMS 0x00000000a3c00000, 0x00000000a3c00000| Untracked 
|  61|0x00000000a3d00000, 0x00000000a3e00000, 0x00000000a3e00000|100%| O|  |TAMS 0x00000000a3d00000, 0x00000000a3d00000| Untracked 
|  62|0x00000000a3e00000, 0x00000000a3f00000, 0x00000000a3f00000|100%| O|  |TAMS 0x00000000a3e00000, 0x00000000a3e00000| Untracked 
|  63|0x00000000a3f00000, 0x00000000a4000000, 0x00000000a4000000|100%| O|  |TAMS 0x00000000a3f00000, 0x00000000a3f00000| Untracked 
|  64|0x00000000a4000000, 0x00000000a4100000, 0x00000000a4100000|100%| O|  |TAMS 0x00000000a4000000, 0x00000000a4000000| Untracked 
|  65|0x00000000a4100000, 0x00000000a4200000, 0x00000000a4200000|100%| O|  |TAMS 0x00000000a4100000, 0x00000000a4100000| Untracked 
|  66|0x00000000a4200000, 0x00000000a4300000, 0x00000000a4300000|100%| O|  |TAMS 0x00000000a4200000, 0x00000000a4200000| Untracked 
|  67|0x00000000a4300000, 0x00000000a4400000, 0x00000000a4400000|100%| O|  |TAMS 0x00000000a4300000, 0x00000000a4300000| Untracked 
|  68|0x00000000a4400000, 0x00000000a4500000, 0x00000000a4500000|100%| O|  |TAMS 0x00000000a4400000, 0x00000000a4400000| Untracked 
|  69|0x00000000a4500000, 0x00000000a4600000, 0x00000000a4600000|100%| O|  |TAMS 0x00000000a4500000, 0x00000000a4500000| Untracked 
|  70|0x00000000a4600000, 0x00000000a4700000, 0x00000000a4700000|100%| O|  |TAMS 0x00000000a4600000, 0x00000000a4600000| Untracked 
|  71|0x00000000a4700000, 0x00000000a4800000, 0x00000000a4800000|100%| O|  |TAMS 0x00000000a4700000, 0x00000000a4700000| Untracked 
|  72|0x00000000a4800000, 0x00000000a4900000, 0x00000000a4900000|100%| O|  |TAMS 0x00000000a4800000, 0x00000000a4800000| Untracked 
|  73|0x00000000a4900000, 0x00000000a4a00000, 0x00000000a4a00000|100%| O|  |TAMS 0x00000000a4900000, 0x00000000a4900000| Untracked 
|  74|0x00000000a4a00000, 0x00000000a4b00000, 0x00000000a4b00000|100%| O|  |TAMS 0x00000000a4a00000, 0x00000000a4a00000| Untracked 
|  75|0x00000000a4b00000, 0x00000000a4c00000, 0x00000000a4c00000|100%| O|  |TAMS 0x00000000a4b00000, 0x00000000a4b00000| Untracked 
|  76|0x00000000a4c00000, 0x00000000a4d00000, 0x00000000a4d00000|100%| O|  |TAMS 0x00000000a4c00000, 0x00000000a4c00000| Untracked 
|  77|0x00000000a4d00000, 0x00000000a4e00000, 0x00000000a4e00000|100%| O|  |TAMS 0x00000000a4d00000, 0x00000000a4d00000| Untracked 
|  78|0x00000000a4e00000, 0x00000000a4f00000, 0x00000000a4f00000|100%| O|  |TAMS 0x00000000a4e00000, 0x00000000a4e00000| Untracked 
|  79|0x00000000a4f00000, 0x00000000a5000000, 0x00000000a5000000|100%| O|  |TAMS 0x00000000a4f00000, 0x00000000a4f00000| Untracked 
|  80|0x00000000a5000000, 0x00000000a5100000, 0x00000000a5100000|100%| O|  |TAMS 0x00000000a5000000, 0x00000000a5000000| Untracked 
|  81|0x00000000a5100000, 0x00000000a5200000, 0x00000000a5200000|100%| O|  |TAMS 0x00000000a5100000, 0x00000000a5100000| Untracked 
|  82|0x00000000a5200000, 0x00000000a5300000, 0x00000000a5300000|100%| O|  |TAMS 0x00000000a5200000, 0x00000000a5200000| Untracked 
|  83|0x00000000a5300000, 0x00000000a5400000, 0x00000000a5400000|100%| O|  |TAMS 0x00000000a5300000, 0x00000000a5300000| Untracked 
|  84|0x00000000a5400000, 0x00000000a5500000, 0x00000000a5500000|100%| O|  |TAMS 0x00000000a5400000, 0x00000000a5400000| Untracked 
|  85|0x00000000a5500000, 0x00000000a5600000, 0x00000000a5600000|100%| O|  |TAMS 0x00000000a5500000, 0x00000000a5500000| Untracked 
|  86|0x00000000a5600000, 0x00000000a5700000, 0x00000000a5700000|100%| O|  |TAMS 0x00000000a5600000, 0x00000000a5600000| Untracked 
|  87|0x00000000a5700000, 0x00000000a5800000, 0x00000000a5800000|100%| O|  |TAMS 0x00000000a5700000, 0x00000000a5700000| Untracked 
|  88|0x00000000a5800000, 0x00000000a5900000, 0x00000000a5900000|100%| O|  |TAMS 0x00000000a5800000, 0x00000000a5800000| Untracked 
|  89|0x00000000a5900000, 0x00000000a5a00000, 0x00000000a5a00000|100%| O|  |TAMS 0x00000000a5900000, 0x00000000a5900000| Untracked 
|  90|0x00000000a5a00000, 0x00000000a5b00000, 0x00000000a5b00000|100%| O|  |TAMS 0x00000000a5a00000, 0x00000000a5a00000| Untracked 
|  91|0x00000000a5b00000, 0x00000000a5c00000, 0x00000000a5c00000|100%| O|  |TAMS 0x00000000a5b00000, 0x00000000a5b00000| Untracked 
|  92|0x00000000a5c00000, 0x00000000a5d00000, 0x00000000a5d00000|100%| O|  |TAMS 0x00000000a5c00000, 0x00000000a5c00000| Untracked 
|  93|0x00000000a5d00000, 0x00000000a5e00000, 0x00000000a5e00000|100%| O|  |TAMS 0x00000000a5d00000, 0x00000000a5d00000| Untracked 
|  94|0x00000000a5e00000, 0x00000000a5f00000, 0x00000000a5f00000|100%| O|  |TAMS 0x00000000a5e00000, 0x00000000a5e00000| Untracked 
|  95|0x00000000a5f00000, 0x00000000a6000000, 0x00000000a6000000|100%| O|  |TAMS 0x00000000a5f00000, 0x00000000a5f00000| Untracked 
|  96|0x00000000a6000000, 0x00000000a60bba00, 0x00000000a6100000| 73%| O|  |TAMS 0x00000000a6000000, 0x00000000a6000000| Untracked 
|  97|0x00000000a6100000, 0x00000000a6100000, 0x00000000a6200000|  0%| F|  |TAMS 0x00000000a6100000, 0x00000000a6100000| Untracked 
|  98|0x00000000a6200000, 0x00000000a6200000, 0x00000000a6300000|  0%| F|  |TAMS 0x00000000a6200000, 0x00000000a6200000| Untracked 
|  99|0x00000000a6300000, 0x00000000a6300000, 0x00000000a6400000|  0%| F|  |TAMS 0x00000000a6300000, 0x00000000a6300000| Untracked 
| 100|0x00000000a6400000, 0x00000000a6400000, 0x00000000a6500000|  0%| F|  |TAMS 0x00000000a6400000, 0x00000000a6400000| Untracked 
| 101|0x00000000a6500000, 0x00000000a6500000, 0x00000000a6600000|  0%| F|  |TAMS 0x00000000a6500000, 0x00000000a6500000| Untracked 
| 102|0x00000000a6600000, 0x00000000a6600000, 0x00000000a6700000|  0%| F|  |TAMS 0x00000000a6600000, 0x00000000a6600000| Untracked 
| 103|0x00000000a6700000, 0x00000000a6700000, 0x00000000a6800000|  0%| F|  |TAMS 0x00000000a6700000, 0x00000000a6700000| Untracked 
| 104|0x00000000a6800000, 0x00000000a6800000, 0x00000000a6900000|  0%| F|  |TAMS 0x00000000a6800000, 0x00000000a6800000| Untracked 
| 105|0x00000000a6900000, 0x00000000a6900000, 0x00000000a6a00000|  0%| F|  |TAMS 0x00000000a6900000, 0x00000000a6900000| Untracked 
| 106|0x00000000a6a00000, 0x00000000a6a00000, 0x00000000a6b00000|  0%| F|  |TAMS 0x00000000a6a00000, 0x00000000a6a00000| Untracked 
| 107|0x00000000a6b00000, 0x00000000a6b00000, 0x00000000a6c00000|  0%| F|  |TAMS 0x00000000a6b00000, 0x00000000a6b00000| Untracked 
| 108|0x00000000a6c00000, 0x00000000a6c00000, 0x00000000a6d00000|  0%| F|  |TAMS 0x00000000a6c00000, 0x00000000a6c00000| Untracked 
| 109|0x00000000a6d00000, 0x00000000a6d00000, 0x00000000a6e00000|  0%| F|  |TAMS 0x00000000a6d00000, 0x00000000a6d00000| Untracked 
| 110|0x00000000a6e00000, 0x00000000a6e00000, 0x00000000a6f00000|  0%| F|  |TAMS 0x00000000a6e00000, 0x00000000a6e00000| Untracked 
| 111|0x00000000a6f00000, 0x00000000a6f00000, 0x00000000a7000000|  0%| F|  |TAMS 0x00000000a6f00000, 0x00000000a6f00000| Untracked 
| 112|0x00000000a7000000, 0x00000000a7000000, 0x00000000a7100000|  0%| F|  |TAMS 0x00000000a7000000, 0x00000000a7000000| Untracked 
| 113|0x00000000a7100000, 0x00000000a7100000, 0x00000000a7200000|  0%| F|  |TAMS 0x00000000a7100000, 0x00000000a7100000| Untracked 
| 114|0x00000000a7200000, 0x00000000a7200000, 0x00000000a7300000|  0%| F|  |TAMS 0x00000000a7200000, 0x00000000a7200000| Untracked 
| 115|0x00000000a7300000, 0x00000000a7300000, 0x00000000a7400000|  0%| F|  |TAMS 0x00000000a7300000, 0x00000000a7300000| Untracked 
| 116|0x00000000a7400000, 0x00000000a7400000, 0x00000000a7500000|  0%| F|  |TAMS 0x00000000a7400000, 0x00000000a7400000| Untracked 
| 117|0x00000000a7500000, 0x00000000a7500000, 0x00000000a7600000|  0%| F|  |TAMS 0x00000000a7500000, 0x00000000a7500000| Untracked 
| 118|0x00000000a7600000, 0x00000000a7600000, 0x00000000a7700000|  0%| F|  |TAMS 0x00000000a7600000, 0x00000000a7600000| Untracked 
| 119|0x00000000a7700000, 0x00000000a7700000, 0x00000000a7800000|  0%| F|  |TAMS 0x00000000a7700000, 0x00000000a7700000| Untracked 
| 120|0x00000000a7800000, 0x00000000a7800000, 0x00000000a7900000|  0%| F|  |TAMS 0x00000000a7800000, 0x00000000a7800000| Untracked 
| 121|0x00000000a7900000, 0x00000000a7900000, 0x00000000a7a00000|  0%| F|  |TAMS 0x00000000a7900000, 0x00000000a7900000| Untracked 
| 122|0x00000000a7a00000, 0x00000000a7a00000, 0x00000000a7b00000|  0%| F|  |TAMS 0x00000000a7a00000, 0x00000000a7a00000| Untracked 
| 123|0x00000000a7b00000, 0x00000000a7b00000, 0x00000000a7c00000|  0%| F|  |TAMS 0x00000000a7b00000, 0x00000000a7b00000| Untracked 
| 124|0x00000000a7c00000, 0x00000000a7c00000, 0x00000000a7d00000|  0%| F|  |TAMS 0x00000000a7c00000, 0x00000000a7c00000| Untracked 
| 125|0x00000000a7d00000, 0x00000000a7d00000, 0x00000000a7e00000|  0%| F|  |TAMS 0x00000000a7d00000, 0x00000000a7d00000| Untracked 
| 126|0x00000000a7e00000, 0x00000000a7e00000, 0x00000000a7f00000|  0%| F|  |TAMS 0x00000000a7e00000, 0x00000000a7e00000| Untracked 
| 127|0x00000000a7f00000, 0x00000000a7f00000, 0x00000000a8000000|  0%| F|  |TAMS 0x00000000a7f00000, 0x00000000a7f00000| Untracked 
| 128|0x00000000a8000000, 0x00000000a8000000, 0x00000000a8100000|  0%| F|  |TAMS 0x00000000a8000000, 0x00000000a8000000| Untracked 
| 129|0x00000000a8100000, 0x00000000a8100000, 0x00000000a8200000|  0%| F|  |TAMS 0x00000000a8100000, 0x00000000a8100000| Untracked 
| 130|0x00000000a8200000, 0x00000000a8200000, 0x00000000a8300000|  0%| F|  |TAMS 0x00000000a8200000, 0x00000000a8200000| Untracked 
| 131|0x00000000a8300000, 0x00000000a8300000, 0x00000000a8400000|  0%| F|  |TAMS 0x00000000a8300000, 0x00000000a8300000| Untracked 
| 132|0x00000000a8400000, 0x00000000a8400000, 0x00000000a8500000|  0%| F|  |TAMS 0x00000000a8400000, 0x00000000a8400000| Untracked 
| 133|0x00000000a8500000, 0x00000000a8500000, 0x00000000a8600000|  0%| F|  |TAMS 0x00000000a8500000, 0x00000000a8500000| Untracked 
| 134|0x00000000a8600000, 0x00000000a8600000, 0x00000000a8700000|  0%| F|  |TAMS 0x00000000a8600000, 0x00000000a8600000| Untracked 
| 135|0x00000000a8700000, 0x00000000a8700000, 0x00000000a8800000|  0%| F|  |TAMS 0x00000000a8700000, 0x00000000a8700000| Untracked 
| 136|0x00000000a8800000, 0x00000000a8800000, 0x00000000a8900000|  0%| F|  |TAMS 0x00000000a8800000, 0x00000000a8800000| Untracked 
| 137|0x00000000a8900000, 0x00000000a8900000, 0x00000000a8a00000|  0%| F|  |TAMS 0x00000000a8900000, 0x00000000a8900000| Untracked 
| 138|0x00000000a8a00000, 0x00000000a8a00000, 0x00000000a8b00000|  0%| F|  |TAMS 0x00000000a8a00000, 0x00000000a8a00000| Untracked 
| 139|0x00000000a8b00000, 0x00000000a8b00000, 0x00000000a8c00000|  0%| F|  |TAMS 0x00000000a8b00000, 0x00000000a8b00000| Untracked 
| 140|0x00000000a8c00000, 0x00000000a8c00000, 0x00000000a8d00000|  0%| F|  |TAMS 0x00000000a8c00000, 0x00000000a8c00000| Untracked 
| 141|0x00000000a8d00000, 0x00000000a8d00000, 0x00000000a8e00000|  0%| F|  |TAMS 0x00000000a8d00000, 0x00000000a8d00000| Untracked 
| 142|0x00000000a8e00000, 0x00000000a8e00000, 0x00000000a8f00000|  0%| F|  |TAMS 0x00000000a8e00000, 0x00000000a8e00000| Untracked 
| 143|0x00000000a8f00000, 0x00000000a8f00000, 0x00000000a9000000|  0%| F|  |TAMS 0x00000000a8f00000, 0x00000000a8f00000| Untracked 
| 144|0x00000000a9000000, 0x00000000a9000000, 0x00000000a9100000|  0%| F|  |TAMS 0x00000000a9000000, 0x00000000a9000000| Untracked 
| 145|0x00000000a9100000, 0x00000000a9100000, 0x00000000a9200000|  0%| F|  |TAMS 0x00000000a9100000, 0x00000000a9100000| Untracked 
| 146|0x00000000a9200000, 0x00000000a9200000, 0x00000000a9300000|  0%| F|  |TAMS 0x00000000a9200000, 0x00000000a9200000| Untracked 
| 147|0x00000000a9300000, 0x00000000a937cec8, 0x00000000a9400000| 48%| S|CS|TAMS 0x00000000a9300000, 0x00000000a9300000| Complete 
| 148|0x00000000a9400000, 0x00000000a9500000, 0x00000000a9500000|100%| S|CS|TAMS 0x00000000a9400000, 0x00000000a9400000| Complete 
| 149|0x00000000a9500000, 0x00000000a9600000, 0x00000000a9600000|100%| S|CS|TAMS 0x00000000a9500000, 0x00000000a9500000| Complete 
| 150|0x00000000a9600000, 0x00000000a9700000, 0x00000000a9700000|100%| S|CS|TAMS 0x00000000a9600000, 0x00000000a9600000| Complete 
| 151|0x00000000a9700000, 0x00000000a9800000, 0x00000000a9800000|100%| S|CS|TAMS 0x00000000a9700000, 0x00000000a9700000| Complete 
| 152|0x00000000a9800000, 0x00000000a9900000, 0x00000000a9900000|100%| S|CS|TAMS 0x00000000a9800000, 0x00000000a9800000| Complete 
| 153|0x00000000a9900000, 0x00000000a9a00000, 0x00000000a9a00000|100%| S|CS|TAMS 0x00000000a9900000, 0x00000000a9900000| Complete 
| 154|0x00000000a9a00000, 0x00000000a9b00000, 0x00000000a9b00000|100%| S|CS|TAMS 0x00000000a9a00000, 0x00000000a9a00000| Complete 
| 155|0x00000000a9b00000, 0x00000000a9c00000, 0x00000000a9c00000|100%| S|CS|TAMS 0x00000000a9b00000, 0x00000000a9b00000| Complete 
| 156|0x00000000a9c00000, 0x00000000a9c00000, 0x00000000a9d00000|  0%| F|  |TAMS 0x00000000a9c00000, 0x00000000a9c00000| Untracked 
| 157|0x00000000a9d00000, 0x00000000a9d00000, 0x00000000a9e00000|  0%| F|  |TAMS 0x00000000a9d00000, 0x00000000a9d00000| Untracked 
| 158|0x00000000a9e00000, 0x00000000a9e00000, 0x00000000a9f00000|  0%| F|  |TAMS 0x00000000a9e00000, 0x00000000a9e00000| Untracked 
| 159|0x00000000a9f00000, 0x00000000a9f00000, 0x00000000aa000000|  0%| F|  |TAMS 0x00000000a9f00000, 0x00000000a9f00000| Untracked 
| 160|0x00000000aa000000, 0x00000000aa000000, 0x00000000aa100000|  0%| F|  |TAMS 0x00000000aa000000, 0x00000000aa000000| Untracked 
| 161|0x00000000aa100000, 0x00000000aa100000, 0x00000000aa200000|  0%| F|  |TAMS 0x00000000aa100000, 0x00000000aa100000| Untracked 
| 162|0x00000000aa200000, 0x00000000aa200000, 0x00000000aa300000|  0%| F|  |TAMS 0x00000000aa200000, 0x00000000aa200000| Untracked 
| 163|0x00000000aa300000, 0x00000000aa300000, 0x00000000aa400000|  0%| F|  |TAMS 0x00000000aa300000, 0x00000000aa300000| Untracked 
| 164|0x00000000aa400000, 0x00000000aa400000, 0x00000000aa500000|  0%| F|  |TAMS 0x00000000aa400000, 0x00000000aa400000| Untracked 
| 165|0x00000000aa500000, 0x00000000aa500000, 0x00000000aa600000|  0%| F|  |TAMS 0x00000000aa500000, 0x00000000aa500000| Untracked 
| 166|0x00000000aa600000, 0x00000000aa600000, 0x00000000aa700000|  0%| F|  |TAMS 0x00000000aa600000, 0x00000000aa600000| Untracked 
| 167|0x00000000aa700000, 0x00000000aa700000, 0x00000000aa800000|  0%| F|  |TAMS 0x00000000aa700000, 0x00000000aa700000| Untracked 
| 168|0x00000000aa800000, 0x00000000aa800000, 0x00000000aa900000|  0%| F|  |TAMS 0x00000000aa800000, 0x00000000aa800000| Untracked 
| 169|0x00000000aa900000, 0x00000000aa900000, 0x00000000aaa00000|  0%| F|  |TAMS 0x00000000aa900000, 0x00000000aa900000| Untracked 
| 170|0x00000000aaa00000, 0x00000000aaa00000, 0x00000000aab00000|  0%| F|  |TAMS 0x00000000aaa00000, 0x00000000aaa00000| Untracked 
| 171|0x00000000aab00000, 0x00000000aab00000, 0x00000000aac00000|  0%| F|  |TAMS 0x00000000aab00000, 0x00000000aab00000| Untracked 
| 172|0x00000000aac00000, 0x00000000aac00000, 0x00000000aad00000|  0%| F|  |TAMS 0x00000000aac00000, 0x00000000aac00000| Untracked 
| 173|0x00000000aad00000, 0x00000000aad00000, 0x00000000aae00000|  0%| F|  |TAMS 0x00000000aad00000, 0x00000000aad00000| Untracked 
| 174|0x00000000aae00000, 0x00000000aae00000, 0x00000000aaf00000|  0%| F|  |TAMS 0x00000000aae00000, 0x00000000aae00000| Untracked 
| 175|0x00000000aaf00000, 0x00000000aaf00000, 0x00000000ab000000|  0%| F|  |TAMS 0x00000000aaf00000, 0x00000000aaf00000| Untracked 
| 176|0x00000000ab000000, 0x00000000ab000000, 0x00000000ab100000|  0%| F|  |TAMS 0x00000000ab000000, 0x00000000ab000000| Untracked 
| 177|0x00000000ab100000, 0x00000000ab100000, 0x00000000ab200000|  0%| F|  |TAMS 0x00000000ab100000, 0x00000000ab100000| Untracked 
| 178|0x00000000ab200000, 0x00000000ab200000, 0x00000000ab300000|  0%| F|  |TAMS 0x00000000ab200000, 0x00000000ab200000| Untracked 
| 179|0x00000000ab300000, 0x00000000ab300000, 0x00000000ab400000|  0%| F|  |TAMS 0x00000000ab300000, 0x00000000ab300000| Untracked 
| 180|0x00000000ab400000, 0x00000000ab400000, 0x00000000ab500000|  0%| F|  |TAMS 0x00000000ab400000, 0x00000000ab400000| Untracked 
| 181|0x00000000ab500000, 0x00000000ab500000, 0x00000000ab600000|  0%| F|  |TAMS 0x00000000ab500000, 0x00000000ab500000| Untracked 
| 182|0x00000000ab600000, 0x00000000ab600000, 0x00000000ab700000|  0%| F|  |TAMS 0x00000000ab600000, 0x00000000ab600000| Untracked 
| 183|0x00000000ab700000, 0x00000000ab700000, 0x00000000ab800000|  0%| F|  |TAMS 0x00000000ab700000, 0x00000000ab700000| Untracked 
| 184|0x00000000ab800000, 0x00000000ab800000, 0x00000000ab900000|  0%| F|  |TAMS 0x00000000ab800000, 0x00000000ab800000| Untracked 
| 185|0x00000000ab900000, 0x00000000ab900000, 0x00000000aba00000|  0%| F|  |TAMS 0x00000000ab900000, 0x00000000ab900000| Untracked 
| 186|0x00000000aba00000, 0x00000000aba00000, 0x00000000abb00000|  0%| F|  |TAMS 0x00000000aba00000, 0x00000000aba00000| Untracked 
| 187|0x00000000abb00000, 0x00000000abb00000, 0x00000000abc00000|  0%| F|  |TAMS 0x00000000abb00000, 0x00000000abb00000| Untracked 
| 188|0x00000000abc00000, 0x00000000abc00000, 0x00000000abd00000|  0%| F|  |TAMS 0x00000000abc00000, 0x00000000abc00000| Untracked 
| 189|0x00000000abd00000, 0x00000000abd00000, 0x00000000abe00000|  0%| F|  |TAMS 0x00000000abd00000, 0x00000000abd00000| Untracked 
| 190|0x00000000abe00000, 0x00000000abe00000, 0x00000000abf00000|  0%| F|  |TAMS 0x00000000abe00000, 0x00000000abe00000| Untracked 
| 191|0x00000000abf00000, 0x00000000abf00000, 0x00000000ac000000|  0%| F|  |TAMS 0x00000000abf00000, 0x00000000abf00000| Untracked 
| 192|0x00000000ac000000, 0x00000000ac000000, 0x00000000ac100000|  0%| F|  |TAMS 0x00000000ac000000, 0x00000000ac000000| Untracked 
| 193|0x00000000ac100000, 0x00000000ac100000, 0x00000000ac200000|  0%| F|  |TAMS 0x00000000ac100000, 0x00000000ac100000| Untracked 
| 194|0x00000000ac200000, 0x00000000ac200000, 0x00000000ac300000|  0%| F|  |TAMS 0x00000000ac200000, 0x00000000ac200000| Untracked 
| 195|0x00000000ac300000, 0x00000000ac300000, 0x00000000ac400000|  0%| F|  |TAMS 0x00000000ac300000, 0x00000000ac300000| Untracked 
| 196|0x00000000ac400000, 0x00000000ac400000, 0x00000000ac500000|  0%| F|  |TAMS 0x00000000ac400000, 0x00000000ac400000| Untracked 
| 197|0x00000000ac500000, 0x00000000ac500000, 0x00000000ac600000|  0%| F|  |TAMS 0x00000000ac500000, 0x00000000ac500000| Untracked 
| 198|0x00000000ac600000, 0x00000000ac600000, 0x00000000ac700000|  0%| F|  |TAMS 0x00000000ac600000, 0x00000000ac600000| Untracked 
| 199|0x00000000ac700000, 0x00000000ac700000, 0x00000000ac800000|  0%| F|  |TAMS 0x00000000ac700000, 0x00000000ac700000| Untracked 
| 200|0x00000000ac800000, 0x00000000ac800000, 0x00000000ac900000|  0%| F|  |TAMS 0x00000000ac800000, 0x00000000ac800000| Untracked 
| 201|0x00000000ac900000, 0x00000000ac900000, 0x00000000aca00000|  0%| F|  |TAMS 0x00000000ac900000, 0x00000000ac900000| Untracked 
| 202|0x00000000aca00000, 0x00000000aca00000, 0x00000000acb00000|  0%| F|  |TAMS 0x00000000aca00000, 0x00000000aca00000| Untracked 
| 203|0x00000000acb00000, 0x00000000acb00000, 0x00000000acc00000|  0%| F|  |TAMS 0x00000000acb00000, 0x00000000acb00000| Untracked 
| 204|0x00000000acc00000, 0x00000000acc00000, 0x00000000acd00000|  0%| F|  |TAMS 0x00000000acc00000, 0x00000000acc00000| Untracked 
| 205|0x00000000acd00000, 0x00000000acd00000, 0x00000000ace00000|  0%| F|  |TAMS 0x00000000acd00000, 0x00000000acd00000| Untracked 
| 206|0x00000000ace00000, 0x00000000ace00000, 0x00000000acf00000|  0%| F|  |TAMS 0x00000000ace00000, 0x00000000ace00000| Untracked 
| 207|0x00000000acf00000, 0x00000000acf00000, 0x00000000ad000000|  0%| F|  |TAMS 0x00000000acf00000, 0x00000000acf00000| Untracked 
| 208|0x00000000ad000000, 0x00000000ad000000, 0x00000000ad100000|  0%| F|  |TAMS 0x00000000ad000000, 0x00000000ad000000| Untracked 
| 209|0x00000000ad100000, 0x00000000ad100000, 0x00000000ad200000|  0%| F|  |TAMS 0x00000000ad100000, 0x00000000ad100000| Untracked 
| 210|0x00000000ad200000, 0x00000000ad200000, 0x00000000ad300000|  0%| F|  |TAMS 0x00000000ad200000, 0x00000000ad200000| Untracked 
| 211|0x00000000ad300000, 0x00000000ad300000, 0x00000000ad400000|  0%| F|  |TAMS 0x00000000ad300000, 0x00000000ad300000| Untracked 
| 212|0x00000000ad400000, 0x00000000ad400000, 0x00000000ad500000|  0%| F|  |TAMS 0x00000000ad400000, 0x00000000ad400000| Untracked 
| 213|0x00000000ad500000, 0x00000000ad500000, 0x00000000ad600000|  0%| F|  |TAMS 0x00000000ad500000, 0x00000000ad500000| Untracked 
| 214|0x00000000ad600000, 0x00000000ad600000, 0x00000000ad700000|  0%| F|  |TAMS 0x00000000ad600000, 0x00000000ad600000| Untracked 
| 215|0x00000000ad700000, 0x00000000ad700000, 0x00000000ad800000|  0%| F|  |TAMS 0x00000000ad700000, 0x00000000ad700000| Untracked 
| 216|0x00000000ad800000, 0x00000000ad800000, 0x00000000ad900000|  0%| F|  |TAMS 0x00000000ad800000, 0x00000000ad800000| Untracked 
| 217|0x00000000ad900000, 0x00000000ad900000, 0x00000000ada00000|  0%| F|  |TAMS 0x00000000ad900000, 0x00000000ad900000| Untracked 
| 218|0x00000000ada00000, 0x00000000ada00000, 0x00000000adb00000|  0%| F|  |TAMS 0x00000000ada00000, 0x00000000ada00000| Untracked 
| 219|0x00000000adb00000, 0x00000000adb00000, 0x00000000adc00000|  0%| F|  |TAMS 0x00000000adb00000, 0x00000000adb00000| Untracked 
| 220|0x00000000adc00000, 0x00000000adc00000, 0x00000000add00000|  0%| F|  |TAMS 0x00000000adc00000, 0x00000000adc00000| Untracked 
| 221|0x00000000add00000, 0x00000000add00000, 0x00000000ade00000|  0%| F|  |TAMS 0x00000000add00000, 0x00000000add00000| Untracked 
| 222|0x00000000ade00000, 0x00000000ade00000, 0x00000000adf00000|  0%| F|  |TAMS 0x00000000ade00000, 0x00000000ade00000| Untracked 
| 223|0x00000000adf00000, 0x00000000adf00000, 0x00000000ae000000|  0%| F|  |TAMS 0x00000000adf00000, 0x00000000adf00000| Untracked 
| 224|0x00000000ae000000, 0x00000000ae000000, 0x00000000ae100000|  0%| F|  |TAMS 0x00000000ae000000, 0x00000000ae000000| Untracked 
| 225|0x00000000ae100000, 0x00000000ae100000, 0x00000000ae200000|  0%| F|  |TAMS 0x00000000ae100000, 0x00000000ae100000| Untracked 
| 226|0x00000000ae200000, 0x00000000ae200000, 0x00000000ae300000|  0%| F|  |TAMS 0x00000000ae200000, 0x00000000ae200000| Untracked 
| 227|0x00000000ae300000, 0x00000000ae300000, 0x00000000ae400000|  0%| F|  |TAMS 0x00000000ae300000, 0x00000000ae300000| Untracked 

Card table byte_map: [0x000001c9e03b0000,0x000001c9e06b0000] _byte_map_base: 0x000001c9dfeb0000

Marking Bits (Prev, Next): (CMBitMap*) 0x000001c9cd5c6248, (CMBitMap*) 0x000001c9cd5c6280
 Prev Bits: [0x000001c9e09b0000, 0x000001c9e21b0000)
 Next Bits: [0x000001c9e21b0000, 0x000001c9e39b0000)

Polling page: 0x000001c9ccd60000

Metaspace:

Usage:
  Non-class:     38.11 MB capacity,    37.51 MB ( 98%) used,   522.33 KB (  1%) free+waste,    88.88 KB ( <1%) overhead. 
      Class:      5.61 MB capacity,     5.27 MB ( 94%) used,   306.66 KB (  5%) free+waste,    42.25 KB ( <1%) overhead. 
       Both:     43.72 MB capacity,    42.78 MB ( 98%) used,   828.98 KB (  2%) free+waste,   131.12 KB ( <1%) overhead. 

Virtual space:
  Non-class space:       40.00 MB reserved,      38.25 MB ( 96%) committed 
      Class space:        1.00 GB reserved,       5.70 MB ( <1%) committed 
             Both:        1.04 GB reserved,      43.95 MB (  4%) committed 

Chunk freelists:
   Non-Class:  16.00 KB
       Class:  13.00 KB
        Both:  29.00 KB

MaxMetaspaceSize: 17179869184.00 GB
CompressedClassSpaceSize: 1.00 GB
Initial GC threshold: 20.80 MB
Current GC threshold: 59.09 MB
CDS: off

CodeHeap 'non-profiled nmethods': size=120064Kb used=3744Kb max_used=3744Kb free=116319Kb
 bounds [0x000001c9d8b70000, 0x000001c9d8f20000, 0x000001c9e00b0000]
CodeHeap 'profiled nmethods': size=120000Kb used=9880Kb max_used=9880Kb free=110119Kb
 bounds [0x000001c9d1640000, 0x000001c9d1ff0000, 0x000001c9d8b70000]
CodeHeap 'non-nmethods': size=5696Kb used=2285Kb max_used=2370Kb free=3410Kb
 bounds [0x000001c9d10b0000, 0x000001c9d1320000, 0x000001c9d1640000]
 total_blobs=5091 nmethods=4312 adapters=691
 compilation: enabled
              stopped_count=0, restarted_count=0
 full_count=0

Compilation events (20 events):
Event: 17.608 Thread 0x000001c9e6750800 nmethod 4325 0x000001c9d8f12310 code [0x000001c9d8f124c0, 0x000001c9d8f12a08]
Event: 17.608 Thread 0x000001c9e6750800 4327       4       java.util.zip.ZipEntry::isDirectory (10 bytes)
Event: 17.611 Thread 0x000001c9e6750800 nmethod 4327 0x000001c9d8f12c90 code [0x000001c9d8f12e20, 0x000001c9d8f12ef8]
Event: 17.611 Thread 0x000001c9e6750800 4328   !   4       java.lang.ref.ReferenceQueue::enqueue (119 bytes)
Event: 17.618 Thread 0x000001c9edf57800 nmethod 4326 0x000001c9d8f13090 code [0x000001c9d8f13280, 0x000001c9d8f13a08]
Event: 17.618 Thread 0x000001c9edf57800 4332       4       java.lang.ref.ReferenceQueue::reallyPoll (65 bytes)
Event: 17.619 Thread 0x000001c9e6750800 nmethod 4328 0x000001c9d8f13d90 code [0x000001c9d8f13f60, 0x000001c9d8f14618]
Event: 17.619 Thread 0x000001c9e6750800 4335   !   4       java.util.zip.Inflater::reset (64 bytes)
Event: 17.622 Thread 0x000001c9edf57800 nmethod 4332 0x000001c9d8f14810 code [0x000001c9d8f149c0, 0x000001c9d8f14d08]
Event: 17.622 Thread 0x000001c9edf57800 4337       4       org.gradle.api.internal.changedetection.state.ZipEntryContext::<init> (20 bytes)
Event: 17.624 Thread 0x000001c9e6750800 nmethod 4335 0x000001c9d8f14d90 code [0x000001c9d8f14f40, 0x000001c9d8f153e8]
Event: 17.624 Thread 0x000001c9e6750800 4336       4       org.gradle.internal.fingerprint.impl.DefaultFileSystemLocationFingerprint::hashForType (73 bytes)
Event: 17.625 Thread 0x000001c9e6750800 nmethod 4336 0x000001c9d8f15590 code [0x000001c9d8f15720, 0x000001c9d8f157b8]
Event: 17.625 Thread 0x000001c9e6750800 4338       4       org.gradle.api.internal.changedetection.state.ZipHasher::fingerprintZipEntry (38 bytes)
Event: 17.626 Thread 0x000001c9edf57800 nmethod 4337 0x000001c9d8f15890 code [0x000001c9d8f15a20, 0x000001c9d8f15cd8]
Event: 17.648 Thread 0x000001c9edf57800 4339       4       org.gradle.api.internal.changedetection.state.MetaInfAwareClasspathResourceHasher::hash (60 bytes)
Event: 17.651 Thread 0x000001c9e6750800 nmethod 4338 0x000001c9d8f15d90 code [0x000001c9d8f15fa0, 0x000001c9d8f16cc8]
Event: 17.652 Thread 0x000001c9e6750800 4340       4       org.gradle.api.internal.file.archive.impl.JdkZipEntry::getName (8 bytes)
Event: 17.653 Thread 0x000001c9e6750800 nmethod 4340 0x000001c9d8f17410 code [0x000001c9d8f175a0, 0x000001c9d8f17638]
Event: 17.658 Thread 0x000001c9edf57800 nmethod 4339 0x000001c9d8f17710 code [0x000001c9d8f178e0, 0x000001c9d8f17dc8]

GC Heap History (20 events):
Event: 14.039 GC heap after
{Heap after GC invocations=21 (full 0):
 garbage-first heap   total 194560K, used 84829K [0x00000000a0000000, 0x0000000100000000)
  region size 1024K, 6 young (6144K), 6 survivors (6144K)
 Metaspace       used 43715K, capacity 44666K, committed 45008K, reserved 1089536K
  class space    used 5387K, capacity 5712K, committed 5840K, reserved 1048576K
}
Event: 14.230 GC heap before
{Heap before GC invocations=21 (full 0):
 garbage-first heap   total 194560K, used 162653K [0x00000000a0000000, 0x0000000100000000)
  region size 1024K, 82 young (83968K), 6 survivors (6144K)
 Metaspace       used 43715K, capacity 44666K, committed 45008K, reserved 1089536K
  class space    used 5387K, capacity 5712K, committed 5840K, reserved 1048576K
}
Event: 14.234 GC heap after
{Heap after GC invocations=22 (full 0):
 garbage-first heap   total 194560K, used 85582K [0x00000000a0000000, 0x0000000100000000)
  region size 1024K, 6 young (6144K), 6 survivors (6144K)
 Metaspace       used 43715K, capacity 44666K, committed 45008K, reserved 1089536K
  class space    used 5387K, capacity 5712K, committed 5840K, reserved 1048576K
}
Event: 14.392 GC heap before
{Heap before GC invocations=22 (full 0):
 garbage-first heap   total 194560K, used 163406K [0x00000000a0000000, 0x0000000100000000)
  region size 1024K, 82 young (83968K), 6 survivors (6144K)
 Metaspace       used 43715K, capacity 44666K, committed 45008K, reserved 1089536K
  class space    used 5387K, capacity 5712K, committed 5840K, reserved 1048576K
}
Event: 14.396 GC heap after
{Heap after GC invocations=23 (full 0):
 garbage-first heap   total 194560K, used 86132K [0x00000000a0000000, 0x0000000100000000)
  region size 1024K, 7 young (7168K), 7 survivors (7168K)
 Metaspace       used 43715K, capacity 44666K, committed 45008K, reserved 1089536K
  class space    used 5387K, capacity 5712K, committed 5840K, reserved 1048576K
}
Event: 14.575 GC heap before
{Heap before GC invocations=23 (full 0):
 garbage-first heap   total 194560K, used 166004K [0x00000000a0000000, 0x0000000100000000)
  region size 1024K, 83 young (84992K), 7 survivors (7168K)
 Metaspace       used 43724K, capacity 44666K, committed 45008K, reserved 1089536K
  class space    used 5387K, capacity 5712K, committed 5840K, reserved 1048576K
}
Event: 14.580 GC heap after
{Heap after GC invocations=24 (full 0):
 garbage-first heap   total 194560K, used 83287K [0x00000000a0000000, 0x0000000100000000)
  region size 1024K, 6 young (6144K), 6 survivors (6144K)
 Metaspace       used 43724K, capacity 44666K, committed 45008K, reserved 1089536K
  class space    used 5387K, capacity 5712K, committed 5840K, reserved 1048576K
}
Event: 14.981 GC heap before
{Heap before GC invocations=24 (full 0):
 garbage-first heap   total 194560K, used 162135K [0x00000000a0000000, 0x0000000100000000)
  region size 1024K, 83 young (84992K), 6 survivors (6144K)
 Metaspace       used 43724K, capacity 44666K, committed 45008K, reserved 1089536K
  class space    used 5387K, capacity 5712K, committed 5840K, reserved 1048576K
}
Event: 14.987 GC heap after
{Heap after GC invocations=25 (full 0):
 garbage-first heap   total 233472K, used 87091K [0x00000000a0000000, 0x0000000100000000)
  region size 1024K, 9 young (9216K), 9 survivors (9216K)
 Metaspace       used 43724K, capacity 44666K, committed 45008K, reserved 1089536K
  class space    used 5387K, capacity 5712K, committed 5840K, reserved 1048576K
}
Event: 15.421 GC heap before
{Heap before GC invocations=25 (full 0):
 garbage-first heap   total 233472K, used 188467K [0x00000000a0000000, 0x0000000100000000)
  region size 1024K, 108 young (110592K), 9 survivors (9216K)
 Metaspace       used 43724K, capacity 44666K, committed 45008K, reserved 1089536K
  class space    used 5387K, capacity 5712K, committed 5840K, reserved 1048576K
}
Event: 15.429 GC heap after
{Heap after GC invocations=26 (full 0):
 garbage-first heap   total 233472K, used 89825K [0x00000000a0000000, 0x0000000100000000)
  region size 1024K, 11 young (11264K), 11 survivors (11264K)
 Metaspace       used 43724K, capacity 44666K, committed 45008K, reserved 1089536K
  class space    used 5387K, capacity 5712K, committed 5840K, reserved 1048576K
}
Event: 15.785 GC heap before
{Heap before GC invocations=26 (full 0):
 garbage-first heap   total 233472K, used 187105K [0x00000000a0000000, 0x0000000100000000)
  region size 1024K, 106 young (108544K), 11 survivors (11264K)
 Metaspace       used 43724K, capacity 44666K, committed 45008K, reserved 1089536K
  class space    used 5387K, capacity 5712K, committed 5840K, reserved 1048576K
}
Event: 15.789 GC heap after
{Heap after GC invocations=27 (full 0):
 garbage-first heap   total 233472K, used 90433K [0x00000000a0000000, 0x0000000100000000)
  region size 1024K, 9 young (9216K), 9 survivors (9216K)
 Metaspace       used 43724K, capacity 44666K, committed 45008K, reserved 1089536K
  class space    used 5387K, capacity 5712K, committed 5840K, reserved 1048576K
}
Event: 16.167 GC heap before
{Heap before GC invocations=27 (full 0):
 garbage-first heap   total 233472K, used 187713K [0x00000000a0000000, 0x0000000100000000)
  region size 1024K, 104 young (106496K), 9 survivors (9216K)
 Metaspace       used 43724K, capacity 44666K, committed 45008K, reserved 1089536K
  class space    used 5387K, capacity 5712K, committed 5840K, reserved 1048576K
}
Event: 16.173 GC heap after
{Heap after GC invocations=28 (full 0):
 garbage-first heap   total 233472K, used 91750K [0x00000000a0000000, 0x0000000100000000)
  region size 1024K, 10 young (10240K), 10 survivors (10240K)
 Metaspace       used 43724K, capacity 44666K, committed 45008K, reserved 1089536K
  class space    used 5387K, capacity 5712K, committed 5840K, reserved 1048576K
}
Event: 16.613 GC heap before
{Heap before GC invocations=28 (full 0):
 garbage-first heap   total 233472K, used 188006K [0x00000000a0000000, 0x0000000100000000)
  region size 1024K, 104 young (106496K), 10 survivors (10240K)
 Metaspace       used 43733K, capacity 44666K, committed 45008K, reserved 1089536K
  class space    used 5388K, capacity 5712K, committed 5840K, reserved 1048576K
}
Event: 16.617 GC heap after
{Heap after GC invocations=29 (full 0):
 garbage-first heap   total 233472K, used 78817K [0x00000000a0000000, 0x0000000100000000)
  region size 1024K, 1 young (1024K), 1 survivors (1024K)
 Metaspace       used 43733K, capacity 44666K, committed 45008K, reserved 1089536K
  class space    used 5388K, capacity 5712K, committed 5840K, reserved 1048576K
}
Event: 17.549 GC heap before
{Heap before GC invocations=29 (full 0):
 garbage-first heap   total 233472K, used 193505K [0x00000000a0000000, 0x0000000100000000)
  region size 1024K, 109 young (111616K), 1 survivors (1024K)
 Metaspace       used 43810K, capacity 44771K, committed 45008K, reserved 1089536K
  class space    used 5398K, capacity 5747K, committed 5840K, reserved 1048576K
}
Event: 17.558 GC heap after
{Heap after GC invocations=30 (full 0):
 garbage-first heap   total 233472K, used 109412K [0x00000000a0000000, 0x0000000100000000)
  region size 1024K, 14 young (14336K), 14 survivors (14336K)
 Metaspace       used 43810K, capacity 44771K, committed 45008K, reserved 1089536K
  class space    used 5398K, capacity 5747K, committed 5840K, reserved 1048576K
}
Event: 17.736 GC heap before
{Heap before GC invocations=30 (full 0):
 garbage-first heap   total 233472K, used 183140K [0x00000000a0000000, 0x0000000100000000)
  region size 1024K, 86 young (88064K), 14 survivors (14336K)
 Metaspace       used 43810K, capacity 44771K, committed 45008K, reserved 1089536K
  class space    used 5398K, capacity 5747K, committed 5840K, reserved 1048576K
}

Deoptimization events (20 events):
Event: 16.455 Thread 0x000001c9ea42f000 DEOPT PACKING pc=0x000001c9d1fb5de4 sp=0x0000008a9d5fe4b0
Event: 16.455 Thread 0x000001c9ea42f000 DEOPT UNPACKING pc=0x000001c9d10fa95e sp=0x0000008a9d5fdb20 mode 0
Event: 16.469 Thread 0x000001c9ea42f000 DEOPT PACKING pc=0x000001c9d1fb7a5c sp=0x0000008a9d5fe4b0
Event: 16.470 Thread 0x000001c9ea42f000 DEOPT UNPACKING pc=0x000001c9d10fa95e sp=0x0000008a9d5fdb20 mode 0
Event: 16.481 Thread 0x000001c9ea42f000 DEOPT PACKING pc=0x000001c9d1fb5de4 sp=0x0000008a9d5fe4b0
Event: 16.481 Thread 0x000001c9ea42f000 DEOPT UNPACKING pc=0x000001c9d10fa95e sp=0x0000008a9d5fdb20 mode 0
Event: 16.488 Thread 0x000001c9ea42f000 DEOPT PACKING pc=0x000001c9d1fb5de4 sp=0x0000008a9d5fe4b0
Event: 16.488 Thread 0x000001c9ea42f000 DEOPT UNPACKING pc=0x000001c9d10fa95e sp=0x0000008a9d5fdb20 mode 0
Event: 16.510 Thread 0x000001c9ea42f000 DEOPT PACKING pc=0x000001c9d1fb7a5c sp=0x0000008a9d5fe4b0
Event: 16.510 Thread 0x000001c9ea42f000 DEOPT UNPACKING pc=0x000001c9d10fa95e sp=0x0000008a9d5fdb20 mode 0
Event: 16.518 Thread 0x000001c9ea42f000 DEOPT PACKING pc=0x000001c9d1fb7a5c sp=0x0000008a9d5fe4b0
Event: 16.518 Thread 0x000001c9ea42f000 DEOPT UNPACKING pc=0x000001c9d10fa95e sp=0x0000008a9d5fdb20 mode 0
Event: 16.655 Thread 0x000001c9ea42f000 DEOPT PACKING pc=0x000001c9d1fa226b sp=0x0000008a9d5fed80
Event: 16.655 Thread 0x000001c9ea42f000 DEOPT UNPACKING pc=0x000001c9d10fa95e sp=0x0000008a9d5fe218 mode 0
Event: 17.205 Thread 0x000001c9e9007800 DEOPT PACKING pc=0x000001c9d1dc8c84 sp=0x0000008a9b9fa390
Event: 17.205 Thread 0x000001c9e9007800 DEOPT UNPACKING pc=0x000001c9d10fa95e sp=0x0000008a9b9f9980 mode 0
Event: 17.518 Thread 0x000001c9e9007800 Uncommon trap: trap_request=0xffffffde fr.pc=0x000001c9d8ccbaa8 relative=0x00000000000009c8
Event: 17.518 Thread 0x000001c9e9007800 Uncommon trap: reason=class_check action=maybe_recompile pc=0x000001c9d8ccbaa8 method=java.util.WeakHashMap.eq(Ljava/lang/Object;Ljava/lang/Object;)Z @ 7 c2
Event: 17.518 Thread 0x000001c9e9007800 DEOPT PACKING pc=0x000001c9d8ccbaa8 sp=0x0000008a9b9fa700
Event: 17.518 Thread 0x000001c9e9007800 DEOPT UNPACKING pc=0x000001c9d10fa1af sp=0x0000008a9b9fa658 mode 2

Classes redefined (0 events):
No events

Internal exceptions (20 events):
Event: 10.807 Thread 0x000001c9e9007800 Exception <a 'java/lang/ClassNotFoundException'{0x00000000aa2946f0}: org/gradle/internal/metaobject/ConfigureDelegateBeanInfo> (0x00000000aa2946f0) thrown at [src/hotspot/share/classfile/systemDictionary.cpp, line 230]
Event: 10.808 Thread 0x000001c9e9007800 Exception <a 'java/lang/ClassNotFoundException'{0x00000000aa2b1cb8}: org/gradle/internal/metaobject/ConfigureDelegateCustomizer> (0x00000000aa2b1cb8) thrown at [src/hotspot/share/classfile/systemDictionary.cpp, line 230]
Event: 10.815 Thread 0x000001c9e9007800 Exception <a 'java/lang/ClassNotFoundException'{0x00000000aa10e3d0}: org/gradle/api/internal/initialization/DefaultScriptHandlerBeanInfo> (0x00000000aa10e3d0) thrown at [src/hotspot/share/classfile/systemDictionary.cpp, line 230]
Event: 10.815 Thread 0x000001c9e9007800 Exception <a 'java/lang/ClassNotFoundException'{0x00000000aa12f1d0}: org/gradle/api/internal/initialization/DefaultScriptHandlerCustomizer> (0x00000000aa12f1d0) thrown at [src/hotspot/share/classfile/systemDictionary.cpp, line 230]
Event: 10.953 Thread 0x000001c9e9007800 Exception <a 'java/lang/ClassNotFoundException'{0x00000000a9a1b820}: org/gradle/api/internal/artifacts/dsl/dependencies/DefaultDependencyHandler_DecoratedBeanInfo> (0x00000000a9a1b820) thrown at [src/hotspot/share/classfile/systemDictionary.cpp, line 230]
Event: 10.954 Thread 0x000001c9e9007800 Exception <a 'java/lang/ClassNotFoundException'{0x00000000a9a4e8d8}: org/gradle/api/internal/artifacts/dsl/dependencies/DefaultDependencyHandlerBeanInfo> (0x00000000a9a4e8d8) thrown at [src/hotspot/share/classfile/systemDictionary.cpp, line 230]
Event: 10.954 Thread 0x000001c9e9007800 Exception <a 'java/lang/ClassNotFoundException'{0x00000000a9a81c90}: org/gradle/api/internal/artifacts/dsl/dependencies/DefaultDependencyHandlerCustomizer> (0x00000000a9a81c90) thrown at [src/hotspot/share/classfile/systemDictionary.cpp, line 230]
Event: 10.957 Thread 0x000001c9e9007800 Exception <a 'java/lang/ClassNotFoundException'{0x00000000a9ad3b70}: org/gradle/api/internal/artifacts/dsl/dependencies/DefaultDependencyHandler_DecoratedCustomizer> (0x00000000a9ad3b70) thrown at [src/hotspot/share/classfile/systemDictionary.cpp, line 230]
Event: 11.042 Thread 0x000001c9e9007800 Exception <a 'java/lang/NoSuchMethodError'{0x00000000a9576a00}: 'java.lang.Object java.lang.invoke.DirectMethodHandle$Holder.invokeStatic(java.lang.Object, int, java.lang.Object)'> (0x00000000a9576a00) thrown at [src/hotspot/share/interpreter/linkResolver.cpp, line 773]
Event: 11.133 Thread 0x000001c9e9007800 Exception <a 'java/lang/NoSuchMethodError'{0x00000000a8fbd7a8}: 'java.lang.Object java.lang.invoke.DirectMethodHandle$Holder.invokeStatic(java.lang.Object, java.lang.Object, java.lang.Object, int)'> (0x00000000a8fbd7a8) thrown at [src/hotspot/share/interpreter/linkResolver.cpp, line 773]
Event: 11.133 Thread 0x000001c9e9007800 Exception <a 'java/lang/NoSuchMethodError'{0x00000000a8fc1dc0}: 'java.lang.Object java.lang.invoke.DirectMethodHandle$Holder.invokeSpecial(java.lang.Object, java.lang.Object, java.lang.Object, java.lang.Object, int)'> (0x00000000a8fc1dc0) thrown at [src/hotspot/share/interpreter/linkResolver.cpp, line 773]
Event: 11.133 Thread 0x000001c9e9007800 Exception <a 'java/lang/NoSuchMethodError'{0x00000000a8fc5cf8}: 'java.lang.Object java.lang.invoke.Invokers$Holder.linkToTargetMethod(java.lang.Object, java.lang.Object, int, java.lang.Object)'> (0x00000000a8fc5cf8) thrown at [src/hotspot/share/interpreter/linkResolver.cpp, line 773]
Event: 11.147 Thread 0x000001c9e9007800 Exception <a 'java/lang/NoSuchMethodError'{0x00000000a8e09100}: 'int java.lang.invoke.DirectMethodHandle$Holder.invokeInterface(java.lang.Object, java.lang.Object)'> (0x00000000a8e09100) thrown at [src/hotspot/share/interpreter/linkResolver.cpp, line 773]
Event: 11.148 Thread 0x000001c9e9007800 Exception <a 'java/lang/IncompatibleClassChangeError'{0x00000000a8e0c938}: Found class java.lang.Object, but interface was expected> (0x00000000a8e0c938) thrown at [src/hotspot/share/interpreter/linkResolver.cpp, line 839]
Event: 11.186 Thread 0x000001c9e9007800 Exception <a 'java/lang/NoSuchMethodError'{0x00000000a8d71e90}: 'java.lang.Object java.lang.invoke.Invokers$Holder.linkToTargetMethod(java.lang.Object, int, java.lang.Object)'> (0x00000000a8d71e90) thrown at [src/hotspot/share/interpreter/linkResolver.cpp, line 773]
Event: 11.227 Thread 0x000001c9e9007800 Exception <a 'java/lang/NoSuchMethodError'{0x00000000a8a8f218}: 'int java.lang.invoke.DirectMethodHandle$Holder.invokeStaticInit(java.lang.Object)'> (0x00000000a8a8f218) thrown at [src/hotspot/share/interpreter/linkResolver.cpp, line 773]
Event: 14.582 Thread 0x000001c9ea42e000 Exception <a 'sun/nio/fs/WindowsException'{0x00000000abd80ce0}> (0x00000000abd80ce0) thrown at [src/hotspot/share/prims/jni.cpp, line 617]
Event: 14.586 Thread 0x000001c9ea42e000 Exception <a 'sun/nio/fs/WindowsException'{0x00000000abd80e90}> (0x00000000abd80e90) thrown at [src/hotspot/share/prims/jni.cpp, line 617]
Event: 16.656 Thread 0x000001c9ea42f000 Exception <a 'sun/nio/fs/WindowsException'{0x00000000ad8a3e20}> (0x00000000ad8a3e20) thrown at [src/hotspot/share/prims/jni.cpp, line 617]
Event: 16.657 Thread 0x000001c9ea42f000 Exception <a 'sun/nio/fs/WindowsException'{0x00000000ad8a3fb8}> (0x00000000ad8a3fb8) thrown at [src/hotspot/share/prims/jni.cpp, line 617]

Events (20 events):
Event: 17.192 loading class org/gradle/internal/snapshot/RelativePathStringTracker
Event: 17.192 loading class org/gradle/internal/snapshot/RelativePathStringTracker done
Event: 17.193 loading class org/gradle/internal/fingerprint/classpath/impl/ClasspathFingerprintingStrategy$ClasspathContentFingerprintingVisitor
Event: 17.193 loading class org/gradle/internal/fingerprint/classpath/impl/ClasspathFingerprintingStrategy$ClasspathContentFingerprintingVisitor done
Event: 17.196 loading class org/gradle/internal/fingerprint/classpath/impl/ClasspathFingerprintingStrategy$ClasspathContentFingerprintingVisitor
Event: 17.196 loading class org/gradle/internal/fingerprint/classpath/impl/ClasspathFingerprintingStrategy$ClasspathContentFingerprintingVisitor done
Event: 17.214 loading class org/gradle/internal/fingerprint/impl/DefaultFileSystemLocationFingerprint
Event: 17.214 loading class org/gradle/internal/fingerprint/impl/DefaultFileSystemLocationFingerprint done
Event: 17.214 loading class org/gradle/internal/fingerprint/impl/DefaultFileSystemLocationFingerprint$1
Event: 17.214 loading class org/gradle/internal/fingerprint/impl/DefaultFileSystemLocationFingerprint$1 done
Event: 17.214 loading class org/gradle/api/internal/changedetection/state/ZipHasher$ZipEntryRelativePath
Event: 17.214 loading class org/gradle/api/internal/changedetection/state/ZipHasher$ZipEntryRelativePath done
Event: 17.215 loading class org/gradle/api/internal/changedetection/state/ZipEntryContext
Event: 17.215 loading class org/gradle/api/internal/changedetection/state/ZipEntryContext done
Event: 17.485 loading class org/gradle/api/internal/changedetection/state/ZipHasher$1
Event: 17.485 loading class org/gradle/api/internal/changedetection/state/ZipHasher$1 done
Event: 17.549 Executing VM operation: G1CollectForAllocation
Event: 17.558 Executing VM operation: G1CollectForAllocation done
Event: 17.574 Thread 0x000001c9edf57800 Thread added: 0x000001c9edf57800
Event: 17.736 Executing VM operation: G1CollectForAllocation


Dynamic libraries:
0x00007ff626180000 - 0x00007ff62618a000 	C:\Program Files\Android\Android Studio\jbr\bin\java.exe
0x00007ffdf01f0000 - 0x00007ffdf0406000 	C:\WINDOWS\SYSTEM32\ntdll.dll
0x00007ffdee7a0000 - 0x00007ffdee864000 	C:\WINDOWS\System32\KERNEL32.DLL
0x00007ffded590000 - 0x00007ffded935000 	C:\WINDOWS\System32\KERNELBASE.dll
0x00007ffdeda80000 - 0x00007ffdedb91000 	C:\WINDOWS\System32\ucrtbase.dll
0x00007ffdca690000 - 0x00007ffdca6ab000 	C:\Program Files\Android\Android Studio\jbr\bin\VCRUNTIME140.dll
0x00007ffdd8750000 - 0x00007ffdd8767000 	C:\Program Files\Android\Android Studio\jbr\bin\jli.dll
0x00007ffdeec80000 - 0x00007ffdeee2e000 	C:\WINDOWS\System32\USER32.dll
0x00007ffdda760000 - 0x00007ffdda9f3000 	C:\WINDOWS\WinSxS\amd64_microsoft.windows.common-controls_6595b64144ccf1df_6.0.23536.1000_none_efde8a3f93159702\COMCTL32.dll
0x00007ffdeddd0000 - 0x00007ffdeddf6000 	C:\WINDOWS\System32\win32u.dll
0x00007ffdee8e0000 - 0x00007ffdee987000 	C:\WINDOWS\System32\msvcrt.dll
0x00007ffdef3e0000 - 0x00007ffdef409000 	C:\WINDOWS\System32\GDI32.dll
0x00007ffdedc40000 - 0x00007ffdedd59000 	C:\WINDOWS\System32\gdi32full.dll
0x00007ffdedba0000 - 0x00007ffdedc3a000 	C:\WINDOWS\System32\msvcp_win.dll
0x00007ffdee5a0000 - 0x00007ffdee5d1000 	C:\WINDOWS\System32\IMM32.DLL
0x00007ffde84a0000 - 0x00007ffde84ac000 	C:\Program Files\Android\Android Studio\jbr\bin\vcruntime140_1.dll
0x00007ffdbbde0000 - 0x00007ffdbbe6d000 	C:\Program Files\Android\Android Studio\jbr\bin\msvcp140.dll
0x00007ffd8d440000 - 0x00007ffd8dffc000 	C:\Program Files\Android\Android Studio\jbr\bin\server\jvm.dll
0x00007ffdef2b0000 - 0x00007ffdef360000 	C:\WINDOWS\System32\ADVAPI32.dll
0x00007ffdee4f0000 - 0x00007ffdee596000 	C:\WINDOWS\System32\sechost.dll
0x00007ffdeeb50000 - 0x00007ffdeec67000 	C:\WINDOWS\System32\RPCRT4.dll
0x00007ffdeeb40000 - 0x00007ffdeeb48000 	C:\WINDOWS\System32\PSAPI.DLL
0x00007ffdea550000 - 0x00007ffdea559000 	C:\WINDOWS\SYSTEM32\WSOCK32.dll
0x00007ffdef410000 - 0x00007ffdef481000 	C:\WINDOWS\System32\WS2_32.dll
0x00007ffde4660000 - 0x00007ffde4694000 	C:\WINDOWS\SYSTEM32\WINMM.dll
0x00007ffdda2f0000 - 0x00007ffdda2fa000 	C:\WINDOWS\SYSTEM32\VERSION.dll
0x00007ffdec520000 - 0x00007ffdec538000 	C:\WINDOWS\SYSTEM32\kernel.appcore.dll
0x00007ffde5610000 - 0x00007ffde5620000 	C:\Program Files\Android\Android Studio\jbr\bin\verify.dll
0x00007ffdeab20000 - 0x00007ffdead4e000 	C:\WINDOWS\SYSTEM32\DBGHELP.DLL
0x00007ffdee150000 - 0x00007ffdee4da000 	C:\WINDOWS\System32\combase.dll
0x00007ffdee070000 - 0x00007ffdee147000 	C:\WINDOWS\System32\OLEAUT32.dll
0x00007ffdc75d0000 - 0x00007ffdc7602000 	C:\WINDOWS\SYSTEM32\dbgcore.DLL
0x00007ffded940000 - 0x00007ffded9ba000 	C:\WINDOWS\System32\bcryptPrimitives.dll
0x00007ffde5450000 - 0x00007ffde5478000 	C:\Program Files\Android\Android Studio\jbr\bin\java.dll
0x00007ffde5010000 - 0x00007ffde501a000 	C:\Program Files\Android\Android Studio\jbr\bin\jimage.dll
0x00007ffddaa80000 - 0x00007ffddaa98000 	C:\Program Files\Android\Android Studio\jbr\bin\zip.dll
0x00007ffdef720000 - 0x00007ffdeff5b000 	C:\WINDOWS\System32\SHELL32.dll
0x00007ffdeb4a0000 - 0x00007ffdebd97000 	C:\WINDOWS\SYSTEM32\windows.storage.dll
0x00007ffdeb360000 - 0x00007ffdeb49e000 	C:\WINDOWS\SYSTEM32\wintypes.dll
0x00007ffdef540000 - 0x00007ffdef633000 	C:\WINDOWS\System32\SHCORE.dll
0x00007ffdeeae0000 - 0x00007ffdeeb3e000 	C:\WINDOWS\System32\shlwapi.dll
0x00007ffded4c0000 - 0x00007ffded4e6000 	C:\WINDOWS\SYSTEM32\profapi.dll
0x00007ffdd85d0000 - 0x00007ffdd85e9000 	C:\Program Files\Android\Android Studio\jbr\bin\net.dll
0x00007ffde2d30000 - 0x00007ffde2e67000 	C:\WINDOWS\SYSTEM32\WINHTTP.dll
0x00007ffdeca20000 - 0x00007ffdeca89000 	C:\WINDOWS\system32\mswsock.dll
0x00007ffdd7e40000 - 0x00007ffdd7e53000 	C:\Program Files\Android\Android Studio\jbr\bin\nio.dll
0x00007ffdbbec0000 - 0x00007ffdbbee7000 	C:\Users\ISLAHUL ANWAR\.gradle\native\fdc75f09e3144964f2cf3f50f0aa648679c211496f362492102eb8c894070792\windows-amd64\native-platform.dll
0x00007ffdae150000 - 0x00007ffdae2e6000 	C:\Users\ISLAHUL ANWAR\.gradle\native\12488b8bf47d2d4c9fbf2f6322a914ad602e24e48041cd04a747c6da556b65c4\windows-amd64\native-platform-file-events.dll
0x00007ffddbe00000 - 0x00007ffddbe0a000 	C:\Program Files\Android\Android Studio\jbr\bin\management.dll
0x00007ffdd7e30000 - 0x00007ffdd7e3b000 	C:\Program Files\Android\Android Studio\jbr\bin\management_ext.dll
0x00007ffdecc90000 - 0x00007ffdeccab000 	C:\WINDOWS\SYSTEM32\CRYPTSP.dll
0x00007ffdec4e0000 - 0x00007ffdec515000 	C:\WINDOWS\system32\rsaenh.dll
0x00007ffdecb30000 - 0x00007ffdecb5c000 	C:\WINDOWS\SYSTEM32\USERENV.dll
0x00007ffdece50000 - 0x00007ffdece78000 	C:\WINDOWS\SYSTEM32\bcrypt.dll
0x00007ffdeccb0000 - 0x00007ffdeccbc000 	C:\WINDOWS\SYSTEM32\CRYPTBASE.dll
0x00007ffdec040000 - 0x00007ffdec06d000 	C:\WINDOWS\SYSTEM32\IPHLPAPI.DLL
0x00007ffdeec70000 - 0x00007ffdeec79000 	C:\WINDOWS\System32\NSI.dll
0x00007ffde4640000 - 0x00007ffde4659000 	C:\WINDOWS\SYSTEM32\dhcpcsvc6.DLL
0x00007ffde2bd0000 - 0x00007ffde2bef000 	C:\WINDOWS\SYSTEM32\dhcpcsvc.DLL
0x00007ffdec0c0000 - 0x00007ffdec1b3000 	C:\WINDOWS\SYSTEM32\DNSAPI.dll
0x00007ffdea680000 - 0x00007ffdea68d000 	C:\WINDOWS\SYSTEM32\WINNSI.DLL

dbghelp: loaded successfully - version: 4.0.5 - missing functions: none
symbol engine: initialized successfully - sym options: 0x614 - pdb path: .;C:\Program Files\Android\Android Studio\jbr\bin;C:\WINDOWS\SYSTEM32;C:\WINDOWS\WinSxS\amd64_microsoft.windows.common-controls_6595b64144ccf1df_6.0.23536.1000_none_efde8a3f93159702;C:\Program Files\Android\Android Studio\jbr\bin\server;C:\Users\ISLAHUL ANWAR\.gradle\native\fdc75f09e3144964f2cf3f50f0aa648679c211496f362492102eb8c894070792\windows-amd64;C:\Users\ISLAHUL ANWAR\.gradle\native\12488b8bf47d2d4c9fbf2f6322a914ad602e24e48041cd04a747c6da556b65c4\windows-amd64

VM Arguments:
jvm_args: --add-opens=java.base/java.util=ALL-UNNAMED --add-opens=java.base/java.lang=ALL-UNNAMED --add-opens=java.base/java.lang.invoke=ALL-UNNAMED --add-opens=java.prefs/java.util.prefs=ALL-UNNAMED -Xmx1536m -Dfile.encoding=windows-1252 -Duser.country=ID -Duser.language=en -Duser.variant 
java_command: org.gradle.launcher.daemon.bootstrap.GradleDaemon 6.7.1
java_class_path (initial): C:\Users\ISLAHUL ANWAR\.gradle\wrapper\dists\gradle-6.7.1-all\2moa8rlfac5eqlcfgk98k0deb\gradle-6.7.1\lib\gradle-launcher-6.7.1.jar
Launcher Type: SUN_STANDARD

[Global flags]
     intx CICompilerCount                          = 3                                         {product} {ergonomic}
     uint ConcGCThreads                            = 1                                         {product} {ergonomic}
     uint G1ConcRefinementThreads                  = 4                                         {product} {ergonomic}
   size_t G1HeapRegionSize                         = 1048576                                   {product} {ergonomic}
    uintx GCDrainStackTargetSize                   = 64                                        {product} {ergonomic}
   size_t InitialHeapSize                          = 199229440                                 {product} {ergonomic}
   size_t MarkStackSize                            = 4194304                                   {product} {ergonomic}
   size_t MaxHeapSize                              = 1610612736                                {product} {command line}
   size_t MaxNewSize                               = 965738496                                 {product} {ergonomic}
   size_t MinHeapDeltaBytes                        = 1048576                                   {product} {ergonomic}
    uintx NonNMethodCodeHeapSize                   = 5830732                                {pd product} {ergonomic}
    uintx NonProfiledCodeHeapSize                  = 122913754                              {pd product} {ergonomic}
    uintx ProfiledCodeHeapSize                     = 122913754                              {pd product} {ergonomic}
    uintx ReservedCodeCacheSize                    = 251658240                              {pd product} {ergonomic}
     bool SegmentedCodeCache                       = true                                      {product} {ergonomic}
     bool UseCompressedClassPointers               = true                                 {lp64_product} {ergonomic}
     bool UseCompressedOops                        = true                                 {lp64_product} {ergonomic}
     bool UseG1GC                                  = true                                      {product} {ergonomic}
     bool UseLargePagesIndividualAllocation        = false                                  {pd product} {ergonomic}

Logging:
Log output configuration:
 #0: stdout all=warning uptime,level,tags
 #1: stderr all=off uptime,level,tags

Environment Variables:
PATH=C:\Program Files\Common Files\Oracle\Java\javapath;C:\Program Files (x86)\Common Files\Oracle\Java\javapath;C:\WINDOWS\system32;C:\WINDOWS;C:\WINDOWS\System32\Wbem;C:\WINDOWS\System32\WindowsPowerShell\v1.0\;C:\WINDOWS\System32\OpenSSH\;C:\Program Files\Git\cmd;C:\WINDOWS\system32;C:\WINDOWS;C:\WINDOWS\System32\Wbem;C:\WINDOWS\System32\WindowsPowerShell\v1.0\;C:\WINDOWS\System32\OpenSSH\;C:\Users\ISLAHUL ANWAR\AppData\Local\Programs\Python\Python310\Scripts\;C:\Users\ISLAHUL ANWAR\AppData\Local\Programs\Python\Python310\;C:\Users\ISLAHUL ANWAR\AppData\Local\Microsoft\WindowsApps;C:\Users\ISLAHUL ANWAR\AppData\Local\Programs\Microsoft VS Code\bin;C:\Users\ISLAHUL ANWAR\IntelliJ IDEA Educational Edition 2021.2.2\bin;;C:\Users\ISLAHUL ANWAR\.dotnet\tools;C:\Users\ISLAHUL ANWAR\AppData\Local\GitHubDesktop\bin;
USERNAME=ISLAHUL ANWAR
OS=Windows_NT
PROCESSOR_IDENTIFIER=Intel64 Family 6 Model 142 Stepping 12, GenuineIntel



---------------  S Y S T E M  ---------------

OS: Windows 11 , 64 bit Build 23536 (10.0.23536.1000)
OS uptime: 0 days 1:40 hours
Hyper-V role detected

CPU:total 4 (initial active 4) (2 cores per cpu, 2 threads per core) family 6 model 142 stepping 12 microcode 0xf0, cmov, cx8, fxsr, mmx, sse, sse2, sse3, ssse3, sse4.1, sse4.2, popcnt, avx, avx2, aes, clmul, erms, 3dnowpref, lzcnt, ht, tsc, tscinvbit, bmi1, bmi2, adx, fma

Memory: 4k page, system-wide physical 12122M (1660M free)
TotalPageFile size 12122M (AvailPageFile size 26M)
current process WorkingSet (physical memory assigned to process): 505M, peak: 505M
current process commit charge ("private bytes"): 730M, peak: 776M

vm_info: OpenJDK 64-Bit Server VM (11.0.15+0-b2043.56-9505619) for windows-amd64 JRE (11.0.15+0-b2043.56-9505619), built on Jan 19 2023 02:48:00 by "builduser" with unknown MS VC++:1929

END.
